cache L1 set:0 info is- 

valid 0  dirty 0  LRU 0  tag -1  address 0  
valid 0  dirty 0  LRU 0  tag -1  address 0  

===================== reading line 1 ==================
entered cache read
L1 SEARCH
L1 READ MISS
L2 SEARCH
L2 READ MISS
L2 INSERT
L2 UPDATE
L1 INSERT
L1 UPDATE
cache L1 set:0 info is- 

valid 1  dirty 0  LRU 1  tag 0  address 0  
valid 0  dirty 0  LRU 0  tag -1  address 0  

cache L2 set:0 info is- 
valid 1  dirty 0  LRU 0  tag 0  address 0  
cache L2 set:1 info is- 

valid 0  dirty 0  LRU 0  tag -1  address 0  
cache L2 set:2 info is- 

valid 0  dirty 0  LRU 0  tag -1  address 0  
cache L2 set:3 info is- 

valid 0  dirty 0  LRU 0  tag -1  address 0  
cache L2 set:4 info is- 

valid 0  dirty 0  LRU 0  tag -1  address 0  
cache L2 set:5 info is- 

valid 0  dirty 0  LRU 0  tag -1  address 0  
cache L2 set:6 info is- 

valid 0  dirty 0  LRU 0  tag -1  address 0  
cache L2 set:7 info is- 

valid 0  dirty 0  LRU 0  tag -1  address 0  

left cache read
===================== reading line 2 ==================
entered cache write
chose allocate
L1 SEARCH
write search result is: 1
L1 WRITE HIT(ALLOC)
L1 UPDATE
cache L1 set:0 info is- 

valid 1  dirty 1  LRU 1  tag 0  address 4  
valid 0  dirty 0  LRU 0  tag -1  address 0  

cache L2 set:0 info is- 
valid 1  dirty 0  LRU 0  tag 0  address 0  
cache L2 set:1 info is- 

valid 0  dirty 0  LRU 0  tag -1  address 0  
cache L2 set:2 info is- 

valid 0  dirty 0  LRU 0  tag -1  address 0  
cache L2 set:3 info is- 

valid 0  dirty 0  LRU 0  tag -1  address 0  
cache L2 set:4 info is- 

valid 0  dirty 0  LRU 0  tag -1  address 0  
cache L2 set:5 info is- 

valid 0  dirty 0  LRU 0  tag -1  address 0  
cache L2 set:6 info is- 

valid 0  dirty 0  LRU 0  tag -1  address 0  
cache L2 set:7 info is- 

valid 0  dirty 0  LRU 0  tag -1  address 0  

left write
===================== reading line 3 ==================
entered cache read
L1 SEARCH
L1 READ MISS
L2 SEARCH
L2 READ MISS
L2 INSERT
L2 UPDATE
L1 SEARCH
L1 INSERT
L1 UPDATE
cache L1 set:0 info is- 

valid 1  dirty 0  LRU 1  tag 131072  address 1048576  
valid 0  dirty 0  LRU 0  tag -1  address 0  

cache L2 set:0 info is- 
valid 1  dirty 0  LRU 0  tag 16384  address 1048576  
cache L2 set:1 info is- 

valid 0  dirty 0  LRU 0  tag -1  address 0  
cache L2 set:2 info is- 

valid 0  dirty 0  LRU 0  tag -1  address 0  
cache L2 set:3 info is- 

valid 0  dirty 0  LRU 0  tag -1  address 0  
cache L2 set:4 info is- 

valid 0  dirty 0  LRU 0  tag -1  address 0  
cache L2 set:5 info is- 

valid 0  dirty 0  LRU 0  tag -1  address 0  
cache L2 set:6 info is- 

valid 0  dirty 0  LRU 0  tag -1  address 0  
cache L2 set:7 info is- 

valid 0  dirty 0  LRU 0  tag -1  address 0  

left cache read
===================== reading line 4 ==================
entered cache write
chose allocate
L1 SEARCH
write search result is: 0
L1 WRITE MISS(ALLOC)
L2 SEARCH
L2 WRITE MISS(ALLOC)
L2 INSERT
L2 UPDATE
L1 SEARCH
L1 INSERT
L1 UPDATE
cache L1 set:0 info is- 

valid 1  dirty 1  LRU 1  tag 0  address 0  
valid 0  dirty 0  LRU 0  tag -1  address 0  

cache L2 set:0 info is- 
valid 1  dirty 0  LRU 0  tag 0  address 0  
cache L2 set:1 info is- 

valid 0  dirty 0  LRU 0  tag -1  address 0  
cache L2 set:2 info is- 

valid 0  dirty 0  LRU 0  tag -1  address 0  
cache L2 set:3 info is- 

valid 0  dirty 0  LRU 0  tag -1  address 0  
cache L2 set:4 info is- 

valid 0  dirty 0  LRU 0  tag -1  address 0  
cache L2 set:5 info is- 

valid 0  dirty 0  LRU 0  tag -1  address 0  
cache L2 set:6 info is- 

valid 0  dirty 0  LRU 0  tag -1  address 0  
cache L2 set:7 info is- 

valid 0  dirty 0  LRU 0  tag -1  address 0  

left write
===================== reading line 5 ==================
entered cache read
L1 SEARCH
L1 READ MISS
L2 SEARCH
L2 READ MISS
L2 INSERT
L2 UPDATE
L1 INSERT
L1 UPDATE
cache L1 set:0 info is- 

valid 1  dirty 1  LRU 0  tag 0  address 0  
valid 1  dirty 0  LRU 1  tag 1  address 12  

cache L2 set:0 info is- 
valid 1  dirty 0  LRU 0  tag 0  address 0  
cache L2 set:1 info is- 

valid 1  dirty 0  LRU 0  tag 0  address 12  
cache L2 set:2 info is- 

valid 0  dirty 0  LRU 0  tag -1  address 0  
cache L2 set:3 info is- 

valid 0  dirty 0  LRU 0  tag -1  address 0  
cache L2 set:4 info is- 

valid 0  dirty 0  LRU 0  tag -1  address 0  
cache L2 set:5 info is- 

valid 0  dirty 0  LRU 0  tag -1  address 0  
cache L2 set:6 info is- 

valid 0  dirty 0  LRU 0  tag -1  address 0  
cache L2 set:7 info is- 

valid 0  dirty 0  LRU 0  tag -1  address 0  

left cache read
===================== reading line 6 ==================
entered cache read
L1 SEARCH
L1 READ MISS
L2 SEARCH
L2 READ MISS
L2 INSERT
L2 UPDATE
L1 INSERT
L2 SEARCH
L2 UPDATE
L1 UPDATE
cache L1 set:0 info is- 

valid 1  dirty 0  LRU 1  tag 2  address 16  
valid 1  dirty 0  LRU 0  tag 1  address 12  

cache L2 set:0 info is- 
valid 1  dirty 0  LRU 0  tag 0  address 0  
cache L2 set:1 info is- 

valid 1  dirty 0  LRU 0  tag 0  address 12  
cache L2 set:2 info is- 

valid 1  dirty 0  LRU 0  tag 0  address 16  
cache L2 set:3 info is- 

valid 0  dirty 0  LRU 0  tag -1  address 0  
cache L2 set:4 info is- 

valid 0  dirty 0  LRU 0  tag -1  address 0  
cache L2 set:5 info is- 

valid 0  dirty 0  LRU 0  tag -1  address 0  
cache L2 set:6 info is- 

valid 0  dirty 0  LRU 0  tag -1  address 0  
cache L2 set:7 info is- 

valid 0  dirty 0  LRU 0  tag -1  address 0  

left cache read
===================== reading line 7 ==================
entered cache read
L1 SEARCH
L1 READ MISS
L2 SEARCH
L2 READ MISS
L2 INSERT
L2 UPDATE
L1 INSERT
L1 UPDATE
cache L1 set:0 info is- 

valid 1  dirty 0  LRU 0  tag 2  address 16  
valid 1  dirty 0  LRU 1  tag 3  address 28  

cache L2 set:0 info is- 
valid 1  dirty 0  LRU 0  tag 0  address 0  
cache L2 set:1 info is- 

valid 1  dirty 0  LRU 0  tag 0  address 12  
cache L2 set:2 info is- 

valid 1  dirty 0  LRU 0  tag 0  address 16  
cache L2 set:3 info is- 

valid 1  dirty 0  LRU 0  tag 0  address 28  
cache L2 set:4 info is- 

valid 0  dirty 0  LRU 0  tag -1  address 0  
cache L2 set:5 info is- 

valid 0  dirty 0  LRU 0  tag -1  address 0  
cache L2 set:6 info is- 

valid 0  dirty 0  LRU 0  tag -1  address 0  
cache L2 set:7 info is- 

valid 0  dirty 0  LRU 0  tag -1  address 0  

left cache read
===================== reading line 8 ==================
entered cache read
L1 SEARCH
L1 READ MISS
L2 SEARCH
L2 READ MISS
L2 INSERT
L2 UPDATE
L1 INSERT
L1 UPDATE
cache L1 set:0 info is- 

valid 1  dirty 0  LRU 1  tag 4  address 32  
valid 1  dirty 0  LRU 0  tag 3  address 28  

cache L2 set:0 info is- 
valid 1  dirty 0  LRU 0  tag 0  address 0  
cache L2 set:1 info is- 

valid 1  dirty 0  LRU 0  tag 0  address 12  
cache L2 set:2 info is- 

valid 1  dirty 0  LRU 0  tag 0  address 16  
cache L2 set:3 info is- 

valid 1  dirty 0  LRU 0  tag 0  address 28  
cache L2 set:4 info is- 

valid 1  dirty 0  LRU 0  tag 0  address 32  
cache L2 set:5 info is- 

valid 0  dirty 0  LRU 0  tag -1  address 0  
cache L2 set:6 info is- 

valid 0  dirty 0  LRU 0  tag -1  address 0  
cache L2 set:7 info is- 

valid 0  dirty 0  LRU 0  tag -1  address 0  

left cache read
===================== reading line 9 ==================
entered cache read
L1 SEARCH
L1 READ MISS
L2 SEARCH
L2 READ MISS
L2 INSERT
L2 UPDATE
L1 INSERT
L1 UPDATE
cache L1 set:0 info is- 

valid 1  dirty 0  LRU 0  tag 4  address 32  
valid 1  dirty 0  LRU 1  tag 5  address 44  

cache L2 set:0 info is- 
valid 1  dirty 0  LRU 0  tag 0  address 0  
cache L2 set:1 info is- 

valid 1  dirty 0  LRU 0  tag 0  address 12  
cache L2 set:2 info is- 

valid 1  dirty 0  LRU 0  tag 0  address 16  
cache L2 set:3 info is- 

valid 1  dirty 0  LRU 0  tag 0  address 28  
cache L2 set:4 info is- 

valid 1  dirty 0  LRU 0  tag 0  address 32  
cache L2 set:5 info is- 

valid 1  dirty 0  LRU 0  tag 0  address 44  
cache L2 set:6 info is- 

valid 0  dirty 0  LRU 0  tag -1  address 0  
cache L2 set:7 info is- 

valid 0  dirty 0  LRU 0  tag -1  address 0  

left cache read
===================== reading line 10 ==================
entered cache read
L1 SEARCH
L1 READ MISS
L2 SEARCH
L2 READ MISS
L2 INSERT
L2 UPDATE
L1 INSERT
L1 UPDATE
cache L1 set:0 info is- 

valid 1  dirty 0  LRU 1  tag 6  address 48  
valid 1  dirty 0  LRU 0  tag 5  address 44  

cache L2 set:0 info is- 
valid 1  dirty 0  LRU 0  tag 0  address 0  
cache L2 set:1 info is- 

valid 1  dirty 0  LRU 0  tag 0  address 12  
cache L2 set:2 info is- 

valid 1  dirty 0  LRU 0  tag 0  address 16  
cache L2 set:3 info is- 

valid 1  dirty 0  LRU 0  tag 0  address 28  
cache L2 set:4 info is- 

valid 1  dirty 0  LRU 0  tag 0  address 32  
cache L2 set:5 info is- 

valid 1  dirty 0  LRU 0  tag 0  address 44  
cache L2 set:6 info is- 

valid 1  dirty 0  LRU 0  tag 0  address 48  
cache L2 set:7 info is- 

valid 0  dirty 0  LRU 0  tag -1  address 0  

left cache read
===================== reading line 11 ==================
entered cache read
L1 SEARCH
L1 READ MISS
L2 SEARCH
L2 READ MISS
L2 INSERT
L2 UPDATE
L1 INSERT
L1 UPDATE
cache L1 set:0 info is- 

valid 1  dirty 0  LRU 0  tag 6  address 48  
valid 1  dirty 0  LRU 1  tag 7  address 60  

cache L2 set:0 info is- 
valid 1  dirty 0  LRU 0  tag 0  address 0  
cache L2 set:1 info is- 

valid 1  dirty 0  LRU 0  tag 0  address 12  
cache L2 set:2 info is- 

valid 1  dirty 0  LRU 0  tag 0  address 16  
cache L2 set:3 info is- 

valid 1  dirty 0  LRU 0  tag 0  address 28  
cache L2 set:4 info is- 

valid 1  dirty 0  LRU 0  tag 0  address 32  
cache L2 set:5 info is- 

valid 1  dirty 0  LRU 0  tag 0  address 44  
cache L2 set:6 info is- 

valid 1  dirty 0  LRU 0  tag 0  address 48  
cache L2 set:7 info is- 

valid 1  dirty 0  LRU 0  tag 0  address 60  

left cache read
===================== reading line 12 ==================
entered cache read
L1 SEARCH
L1 READ MISS
L2 SEARCH
L2 READ MISS
L2 INSERT
L2 UPDATE
L1 SEARCH
L1 INSERT
L1 UPDATE
cache L1 set:0 info is- 

valid 1  dirty 0  LRU 1  tag 8  address 64  
valid 1  dirty 0  LRU 0  tag 7  address 60  

cache L2 set:0 info is- 
valid 1  dirty 0  LRU 0  tag 1  address 64  
cache L2 set:1 info is- 

valid 1  dirty 0  LRU 0  tag 0  address 12  
cache L2 set:2 info is- 

valid 1  dirty 0  LRU 0  tag 0  address 16  
cache L2 set:3 info is- 

valid 1  dirty 0  LRU 0  tag 0  address 28  
cache L2 set:4 info is- 

valid 1  dirty 0  LRU 0  tag 0  address 32  
cache L2 set:5 info is- 

valid 1  dirty 0  LRU 0  tag 0  address 44  
cache L2 set:6 info is- 

valid 1  dirty 0  LRU 0  tag 0  address 48  
cache L2 set:7 info is- 

valid 1  dirty 0  LRU 0  tag 0  address 60  

left cache read
===================== reading line 13 ==================
entered cache read
L1 SEARCH
L1 READ MISS
L2 SEARCH
L2 READ HIT
L2 UPDATE
L1 INSERT
L1 UPDATE
cache L1 set:0 info is- 

valid 1  dirty 0  LRU 0  tag 8  address 64  
valid 1  dirty 0  LRU 1  tag 1  address 8  

cache L2 set:0 info is- 
valid 1  dirty 0  LRU 0  tag 1  address 64  
cache L2 set:1 info is- 

valid 1  dirty 0  LRU 0  tag 0  address 12  
cache L2 set:2 info is- 

valid 1  dirty 0  LRU 0  tag 0  address 16  
cache L2 set:3 info is- 

valid 1  dirty 0  LRU 0  tag 0  address 28  
cache L2 set:4 info is- 

valid 1  dirty 0  LRU 0  tag 0  address 32  
cache L2 set:5 info is- 

valid 1  dirty 0  LRU 0  tag 0  address 44  
cache L2 set:6 info is- 

valid 1  dirty 0  LRU 0  tag 0  address 48  
cache L2 set:7 info is- 

valid 1  dirty 0  LRU 0  tag 0  address 60  

left cache read
===================== reading line 14 ==================
entered cache write
chose allocate
L1 SEARCH
write search result is: 1
L1 WRITE HIT(ALLOC)
L1 UPDATE
cache L1 set:0 info is- 

valid 1  dirty 1  LRU 1  tag 8  address 68  
valid 1  dirty 0  LRU 0  tag 1  address 8  

cache L2 set:0 info is- 
valid 1  dirty 0  LRU 0  tag 1  address 64  
cache L2 set:1 info is- 

valid 1  dirty 0  LRU 0  tag 0  address 12  
cache L2 set:2 info is- 

valid 1  dirty 0  LRU 0  tag 0  address 16  
cache L2 set:3 info is- 

valid 1  dirty 0  LRU 0  tag 0  address 28  
cache L2 set:4 info is- 

valid 1  dirty 0  LRU 0  tag 0  address 32  
cache L2 set:5 info is- 

valid 1  dirty 0  LRU 0  tag 0  address 44  
cache L2 set:6 info is- 

valid 1  dirty 0  LRU 0  tag 0  address 48  
cache L2 set:7 info is- 

valid 1  dirty 0  LRU 0  tag 0  address 60  

left write
L1miss=0.857 L2miss=0.917 AccTimeAvg=83.857
sanity check 88
