cache L1 set:0 info is- 

valid 0  dirty 0  LRU 0  tag -1  address 0  
valid 0  dirty 0  LRU 0  tag -1  address 0  
cache L1 set:1 info is- 

valid 0  dirty 0  LRU 0  tag -1  address 0  
valid 0  dirty 0  LRU 0  tag -1  address 0  

===================== reading line 1 ==================
entered cache read
L1 SEARCH
L1 READ MISS
L2 SEARCH
L2 READ MISS
L2 INSERT
L2 UPDATE
L1 INSERT
L1 UPDATE
cache L1 set:0 info is- 

valid 1  dirty 0  LRU 1  tag 8388608  address 268435456  
valid 0  dirty 0  LRU 0  tag -1  address 0  
cache L1 set:1 info is- 

valid 0  dirty 0  LRU 0  tag -1  address 0  
valid 0  dirty 0  LRU 0  tag -1  address 0  

cache L2 set:0 info is- 
valid 1  dirty 0  LRU 3  tag 4194304  address 268435456  
valid 0  dirty 0  LRU 0  tag -1  address 0  
valid 0  dirty 0  LRU 0  tag -1  address 0  
valid 0  dirty 0  LRU 0  tag -1  address 0  
cache L2 set:1 info is- 

valid 0  dirty 0  LRU 0  tag -1  address 0  
valid 0  dirty 0  LRU 0  tag -1  address 0  
valid 0  dirty 0  LRU 0  tag -1  address 0  
valid 0  dirty 0  LRU 0  tag -1  address 0  
cache L2 set:2 info is- 

valid 0  dirty 0  LRU 0  tag -1  address 0  
valid 0  dirty 0  LRU 0  tag -1  address 0  
valid 0  dirty 0  LRU 0  tag -1  address 0  
valid 0  dirty 0  LRU 0  tag -1  address 0  
cache L2 set:3 info is- 

valid 0  dirty 0  LRU 0  tag -1  address 0  
valid 0  dirty 0  LRU 0  tag -1  address 0  
valid 0  dirty 0  LRU 0  tag -1  address 0  
valid 0  dirty 0  LRU 0  tag -1  address 0  

left cache read
===================== reading line 2 ==================
entered cache read
L1 SEARCH
L1 READ MISS
L2 SEARCH
L2 READ MISS
L2 INSERT
L2 UPDATE
L1 INSERT
L1 UPDATE
cache L1 set:0 info is- 

valid 1  dirty 0  LRU 1  tag 8388608  address 268435456  
valid 0  dirty 0  LRU 0  tag -1  address 0  
cache L1 set:1 info is- 

valid 1  dirty 0  LRU 1  tag 8388608  address 268435472  
valid 0  dirty 0  LRU 0  tag -1  address 0  

cache L2 set:0 info is- 
valid 1  dirty 0  LRU 3  tag 4194304  address 268435456  
valid 0  dirty 0  LRU 0  tag -1  address 0  
valid 0  dirty 0  LRU 0  tag -1  address 0  
valid 0  dirty 0  LRU 0  tag -1  address 0  
cache L2 set:1 info is- 

valid 1  dirty 0  LRU 3  tag 4194304  address 268435472  
valid 0  dirty 0  LRU 0  tag -1  address 0  
valid 0  dirty 0  LRU 0  tag -1  address 0  
valid 0  dirty 0  LRU 0  tag -1  address 0  
cache L2 set:2 info is- 

valid 0  dirty 0  LRU 0  tag -1  address 0  
valid 0  dirty 0  LRU 0  tag -1  address 0  
valid 0  dirty 0  LRU 0  tag -1  address 0  
valid 0  dirty 0  LRU 0  tag -1  address 0  
cache L2 set:3 info is- 

valid 0  dirty 0  LRU 0  tag -1  address 0  
valid 0  dirty 0  LRU 0  tag -1  address 0  
valid 0  dirty 0  LRU 0  tag -1  address 0  
valid 0  dirty 0  LRU 0  tag -1  address 0  

left cache read
===================== reading line 3 ==================
entered cache read
L1 SEARCH
L1 READ MISS
L2 SEARCH
L2 READ MISS
L2 INSERT
L2 UPDATE
L1 INSERT
L1 UPDATE
cache L1 set:0 info is- 

valid 1  dirty 0  LRU 0  tag 8388608  address 268435456  
valid 1  dirty 0  LRU 1  tag 8388609  address 268435488  
cache L1 set:1 info is- 

valid 1  dirty 0  LRU 1  tag 8388608  address 268435472  
valid 0  dirty 0  LRU 0  tag -1  address 0  

cache L2 set:0 info is- 
valid 1  dirty 0  LRU 3  tag 4194304  address 268435456  
valid 0  dirty 0  LRU 0  tag -1  address 0  
valid 0  dirty 0  LRU 0  tag -1  address 0  
valid 0  dirty 0  LRU 0  tag -1  address 0  
cache L2 set:1 info is- 

valid 1  dirty 0  LRU 3  tag 4194304  address 268435472  
valid 0  dirty 0  LRU 0  tag -1  address 0  
valid 0  dirty 0  LRU 0  tag -1  address 0  
valid 0  dirty 0  LRU 0  tag -1  address 0  
cache L2 set:2 info is- 

valid 1  dirty 0  LRU 3  tag 4194304  address 268435488  
valid 0  dirty 0  LRU 0  tag -1  address 0  
valid 0  dirty 0  LRU 0  tag -1  address 0  
valid 0  dirty 0  LRU 0  tag -1  address 0  
cache L2 set:3 info is- 

valid 0  dirty 0  LRU 0  tag -1  address 0  
valid 0  dirty 0  LRU 0  tag -1  address 0  
valid 0  dirty 0  LRU 0  tag -1  address 0  
valid 0  dirty 0  LRU 0  tag -1  address 0  

left cache read
===================== reading line 4 ==================
entered cache read
L1 SEARCH
L1 READ MISS
L2 SEARCH
L2 READ MISS
L2 INSERT
L2 UPDATE
L1 INSERT
L1 UPDATE
cache L1 set:0 info is- 

valid 1  dirty 0  LRU 0  tag 8388608  address 268435456  
valid 1  dirty 0  LRU 1  tag 8388609  address 268435488  
cache L1 set:1 info is- 

valid 1  dirty 0  LRU 0  tag 8388608  address 268435472  
valid 1  dirty 0  LRU 1  tag 8388609  address 268435504  

cache L2 set:0 info is- 
valid 1  dirty 0  LRU 3  tag 4194304  address 268435456  
valid 0  dirty 0  LRU 0  tag -1  address 0  
valid 0  dirty 0  LRU 0  tag -1  address 0  
valid 0  dirty 0  LRU 0  tag -1  address 0  
cache L2 set:1 info is- 

valid 1  dirty 0  LRU 3  tag 4194304  address 268435472  
valid 0  dirty 0  LRU 0  tag -1  address 0  
valid 0  dirty 0  LRU 0  tag -1  address 0  
valid 0  dirty 0  LRU 0  tag -1  address 0  
cache L2 set:2 info is- 

valid 1  dirty 0  LRU 3  tag 4194304  address 268435488  
valid 0  dirty 0  LRU 0  tag -1  address 0  
valid 0  dirty 0  LRU 0  tag -1  address 0  
valid 0  dirty 0  LRU 0  tag -1  address 0  
cache L2 set:3 info is- 

valid 1  dirty 0  LRU 3  tag 4194304  address 268435504  
valid 0  dirty 0  LRU 0  tag -1  address 0  
valid 0  dirty 0  LRU 0  tag -1  address 0  
valid 0  dirty 0  LRU 0  tag -1  address 0  

left cache read
===================== reading line 5 ==================
entered cache read
L1 SEARCH
L1 READ MISS
L2 SEARCH
L2 READ MISS
L2 INSERT
L2 UPDATE
L1 INSERT
L1 UPDATE
cache L1 set:0 info is- 

valid 1  dirty 0  LRU 1  tag 8388610  address 268435520  
valid 1  dirty 0  LRU 0  tag 8388609  address 268435488  
cache L1 set:1 info is- 

valid 1  dirty 0  LRU 0  tag 8388608  address 268435472  
valid 1  dirty 0  LRU 1  tag 8388609  address 268435504  

cache L2 set:0 info is- 
valid 1  dirty 0  LRU 2  tag 4194304  address 268435456  
valid 1  dirty 0  LRU 3  tag 4194305  address 268435520  
valid 0  dirty 0  LRU 0  tag -1  address 0  
valid 0  dirty 0  LRU 0  tag -1  address 0  
cache L2 set:1 info is- 

valid 1  dirty 0  LRU 3  tag 4194304  address 268435472  
valid 0  dirty 0  LRU 0  tag -1  address 0  
valid 0  dirty 0  LRU 0  tag -1  address 0  
valid 0  dirty 0  LRU 0  tag -1  address 0  
cache L2 set:2 info is- 

valid 1  dirty 0  LRU 3  tag 4194304  address 268435488  
valid 0  dirty 0  LRU 0  tag -1  address 0  
valid 0  dirty 0  LRU 0  tag -1  address 0  
valid 0  dirty 0  LRU 0  tag -1  address 0  
cache L2 set:3 info is- 

valid 1  dirty 0  LRU 3  tag 4194304  address 268435504  
valid 0  dirty 0  LRU 0  tag -1  address 0  
valid 0  dirty 0  LRU 0  tag -1  address 0  
valid 0  dirty 0  LRU 0  tag -1  address 0  

left cache read
===================== reading line 6 ==================
entered cache read
L1 SEARCH
L1 READ MISS
L2 SEARCH
L2 READ MISS
L2 INSERT
L2 UPDATE
L1 INSERT
L1 UPDATE
cache L1 set:0 info is- 

valid 1  dirty 0  LRU 1  tag 8388610  address 268435520  
valid 1  dirty 0  LRU 0  tag 8388609  address 268435488  
cache L1 set:1 info is- 

valid 1  dirty 0  LRU 1  tag 8388610  address 268435536  
valid 1  dirty 0  LRU 0  tag 8388609  address 268435504  

cache L2 set:0 info is- 
valid 1  dirty 0  LRU 2  tag 4194304  address 268435456  
valid 1  dirty 0  LRU 3  tag 4194305  address 268435520  
valid 0  dirty 0  LRU 0  tag -1  address 0  
valid 0  dirty 0  LRU 0  tag -1  address 0  
cache L2 set:1 info is- 

valid 1  dirty 0  LRU 2  tag 4194304  address 268435472  
valid 1  dirty 0  LRU 3  tag 4194305  address 268435536  
valid 0  dirty 0  LRU 0  tag -1  address 0  
valid 0  dirty 0  LRU 0  tag -1  address 0  
cache L2 set:2 info is- 

valid 1  dirty 0  LRU 3  tag 4194304  address 268435488  
valid 0  dirty 0  LRU 0  tag -1  address 0  
valid 0  dirty 0  LRU 0  tag -1  address 0  
valid 0  dirty 0  LRU 0  tag -1  address 0  
cache L2 set:3 info is- 

valid 1  dirty 0  LRU 3  tag 4194304  address 268435504  
valid 0  dirty 0  LRU 0  tag -1  address 0  
valid 0  dirty 0  LRU 0  tag -1  address 0  
valid 0  dirty 0  LRU 0  tag -1  address 0  

left cache read
===================== reading line 7 ==================
entered cache read
L1 SEARCH
L1 READ MISS
L2 SEARCH
L2 READ MISS
L2 INSERT
L2 UPDATE
L1 INSERT
L1 UPDATE
cache L1 set:0 info is- 

valid 1  dirty 0  LRU 0  tag 8388610  address 268435520  
valid 1  dirty 0  LRU 1  tag 8388611  address 268435552  
cache L1 set:1 info is- 

valid 1  dirty 0  LRU 1  tag 8388610  address 268435536  
valid 1  dirty 0  LRU 0  tag 8388609  address 268435504  

cache L2 set:0 info is- 
valid 1  dirty 0  LRU 2  tag 4194304  address 268435456  
valid 1  dirty 0  LRU 3  tag 4194305  address 268435520  
valid 0  dirty 0  LRU 0  tag -1  address 0  
valid 0  dirty 0  LRU 0  tag -1  address 0  
cache L2 set:1 info is- 

valid 1  dirty 0  LRU 2  tag 4194304  address 268435472  
valid 1  dirty 0  LRU 3  tag 4194305  address 268435536  
valid 0  dirty 0  LRU 0  tag -1  address 0  
valid 0  dirty 0  LRU 0  tag -1  address 0  
cache L2 set:2 info is- 

valid 1  dirty 0  LRU 2  tag 4194304  address 268435488  
valid 1  dirty 0  LRU 3  tag 4194305  address 268435552  
valid 0  dirty 0  LRU 0  tag -1  address 0  
valid 0  dirty 0  LRU 0  tag -1  address 0  
cache L2 set:3 info is- 

valid 1  dirty 0  LRU 3  tag 4194304  address 268435504  
valid 0  dirty 0  LRU 0  tag -1  address 0  
valid 0  dirty 0  LRU 0  tag -1  address 0  
valid 0  dirty 0  LRU 0  tag -1  address 0  

left cache read
===================== reading line 8 ==================
entered cache read
L1 SEARCH
L1 READ MISS
L2 SEARCH
L2 READ MISS
L2 INSERT
L2 UPDATE
L1 INSERT
L1 UPDATE
cache L1 set:0 info is- 

valid 1  dirty 0  LRU 0  tag 8388610  address 268435520  
valid 1  dirty 0  LRU 1  tag 8388611  address 268435552  
cache L1 set:1 info is- 

valid 1  dirty 0  LRU 0  tag 8388610  address 268435536  
valid 1  dirty 0  LRU 1  tag 8388611  address 268435568  

cache L2 set:0 info is- 
valid 1  dirty 0  LRU 2  tag 4194304  address 268435456  
valid 1  dirty 0  LRU 3  tag 4194305  address 268435520  
valid 0  dirty 0  LRU 0  tag -1  address 0  
valid 0  dirty 0  LRU 0  tag -1  address 0  
cache L2 set:1 info is- 

valid 1  dirty 0  LRU 2  tag 4194304  address 268435472  
valid 1  dirty 0  LRU 3  tag 4194305  address 268435536  
valid 0  dirty 0  LRU 0  tag -1  address 0  
valid 0  dirty 0  LRU 0  tag -1  address 0  
cache L2 set:2 info is- 

valid 1  dirty 0  LRU 2  tag 4194304  address 268435488  
valid 1  dirty 0  LRU 3  tag 4194305  address 268435552  
valid 0  dirty 0  LRU 0  tag -1  address 0  
valid 0  dirty 0  LRU 0  tag -1  address 0  
cache L2 set:3 info is- 

valid 1  dirty 0  LRU 2  tag 4194304  address 268435504  
valid 1  dirty 0  LRU 3  tag 4194305  address 268435568  
valid 0  dirty 0  LRU 0  tag -1  address 0  
valid 0  dirty 0  LRU 0  tag -1  address 0  

left cache read
===================== reading line 9 ==================
entered cache read
L1 SEARCH
L1 READ MISS
L2 SEARCH
L2 READ MISS
L2 INSERT
L2 UPDATE
L1 INSERT
L1 UPDATE
cache L1 set:0 info is- 

valid 1  dirty 0  LRU 1  tag 8388612  address 268435584  
valid 1  dirty 0  LRU 0  tag 8388611  address 268435552  
cache L1 set:1 info is- 

valid 1  dirty 0  LRU 0  tag 8388610  address 268435536  
valid 1  dirty 0  LRU 1  tag 8388611  address 268435568  

cache L2 set:0 info is- 
valid 1  dirty 0  LRU 1  tag 4194304  address 268435456  
valid 1  dirty 0  LRU 2  tag 4194305  address 268435520  
valid 1  dirty 0  LRU 3  tag 4194306  address 268435584  
valid 0  dirty 0  LRU 0  tag -1  address 0  
cache L2 set:1 info is- 

valid 1  dirty 0  LRU 2  tag 4194304  address 268435472  
valid 1  dirty 0  LRU 3  tag 4194305  address 268435536  
valid 0  dirty 0  LRU 0  tag -1  address 0  
valid 0  dirty 0  LRU 0  tag -1  address 0  
cache L2 set:2 info is- 

valid 1  dirty 0  LRU 2  tag 4194304  address 268435488  
valid 1  dirty 0  LRU 3  tag 4194305  address 268435552  
valid 0  dirty 0  LRU 0  tag -1  address 0  
valid 0  dirty 0  LRU 0  tag -1  address 0  
cache L2 set:3 info is- 

valid 1  dirty 0  LRU 2  tag 4194304  address 268435504  
valid 1  dirty 0  LRU 3  tag 4194305  address 268435568  
valid 0  dirty 0  LRU 0  tag -1  address 0  
valid 0  dirty 0  LRU 0  tag -1  address 0  

left cache read
===================== reading line 10 ==================
entered cache read
L1 SEARCH
L1 READ MISS
L2 SEARCH
L2 READ MISS
L2 INSERT
L2 UPDATE
L1 INSERT
L1 UPDATE
cache L1 set:0 info is- 

valid 1  dirty 0  LRU 1  tag 8388612  address 268435584  
valid 1  dirty 0  LRU 0  tag 8388611  address 268435552  
cache L1 set:1 info is- 

valid 1  dirty 0  LRU 1  tag 8388612  address 268435600  
valid 1  dirty 0  LRU 0  tag 8388611  address 268435568  

cache L2 set:0 info is- 
valid 1  dirty 0  LRU 1  tag 4194304  address 268435456  
valid 1  dirty 0  LRU 2  tag 4194305  address 268435520  
valid 1  dirty 0  LRU 3  tag 4194306  address 268435584  
valid 0  dirty 0  LRU 0  tag -1  address 0  
cache L2 set:1 info is- 

valid 1  dirty 0  LRU 1  tag 4194304  address 268435472  
valid 1  dirty 0  LRU 2  tag 4194305  address 268435536  
valid 1  dirty 0  LRU 3  tag 4194306  address 268435600  
valid 0  dirty 0  LRU 0  tag -1  address 0  
cache L2 set:2 info is- 

valid 1  dirty 0  LRU 2  tag 4194304  address 268435488  
valid 1  dirty 0  LRU 3  tag 4194305  address 268435552  
valid 0  dirty 0  LRU 0  tag -1  address 0  
valid 0  dirty 0  LRU 0  tag -1  address 0  
cache L2 set:3 info is- 

valid 1  dirty 0  LRU 2  tag 4194304  address 268435504  
valid 1  dirty 0  LRU 3  tag 4194305  address 268435568  
valid 0  dirty 0  LRU 0  tag -1  address 0  
valid 0  dirty 0  LRU 0  tag -1  address 0  

left cache read
===================== reading line 11 ==================
entered cache read
L1 SEARCH
L1 READ MISS
L2 SEARCH
L2 READ MISS
L2 INSERT
L2 UPDATE
L1 INSERT
L1 UPDATE
cache L1 set:0 info is- 

valid 1  dirty 0  LRU 0  tag 8388612  address 268435584  
valid 1  dirty 0  LRU 1  tag 8388613  address 268435616  
cache L1 set:1 info is- 

valid 1  dirty 0  LRU 1  tag 8388612  address 268435600  
valid 1  dirty 0  LRU 0  tag 8388611  address 268435568  

cache L2 set:0 info is- 
valid 1  dirty 0  LRU 1  tag 4194304  address 268435456  
valid 1  dirty 0  LRU 2  tag 4194305  address 268435520  
valid 1  dirty 0  LRU 3  tag 4194306  address 268435584  
valid 0  dirty 0  LRU 0  tag -1  address 0  
cache L2 set:1 info is- 

valid 1  dirty 0  LRU 1  tag 4194304  address 268435472  
valid 1  dirty 0  LRU 2  tag 4194305  address 268435536  
valid 1  dirty 0  LRU 3  tag 4194306  address 268435600  
valid 0  dirty 0  LRU 0  tag -1  address 0  
cache L2 set:2 info is- 

valid 1  dirty 0  LRU 1  tag 4194304  address 268435488  
valid 1  dirty 0  LRU 2  tag 4194305  address 268435552  
valid 1  dirty 0  LRU 3  tag 4194306  address 268435616  
valid 0  dirty 0  LRU 0  tag -1  address 0  
cache L2 set:3 info is- 

valid 1  dirty 0  LRU 2  tag 4194304  address 268435504  
valid 1  dirty 0  LRU 3  tag 4194305  address 268435568  
valid 0  dirty 0  LRU 0  tag -1  address 0  
valid 0  dirty 0  LRU 0  tag -1  address 0  

left cache read
===================== reading line 12 ==================
entered cache read
L1 SEARCH
L1 READ MISS
L2 SEARCH
L2 READ MISS
L2 INSERT
L2 UPDATE
L1 INSERT
L1 UPDATE
cache L1 set:0 info is- 

valid 1  dirty 0  LRU 0  tag 8388612  address 268435584  
valid 1  dirty 0  LRU 1  tag 8388613  address 268435616  
cache L1 set:1 info is- 

valid 1  dirty 0  LRU 0  tag 8388612  address 268435600  
valid 1  dirty 0  LRU 1  tag 8388613  address 268435632  

cache L2 set:0 info is- 
valid 1  dirty 0  LRU 1  tag 4194304  address 268435456  
valid 1  dirty 0  LRU 2  tag 4194305  address 268435520  
valid 1  dirty 0  LRU 3  tag 4194306  address 268435584  
valid 0  dirty 0  LRU 0  tag -1  address 0  
cache L2 set:1 info is- 

valid 1  dirty 0  LRU 1  tag 4194304  address 268435472  
valid 1  dirty 0  LRU 2  tag 4194305  address 268435536  
valid 1  dirty 0  LRU 3  tag 4194306  address 268435600  
valid 0  dirty 0  LRU 0  tag -1  address 0  
cache L2 set:2 info is- 

valid 1  dirty 0  LRU 1  tag 4194304  address 268435488  
valid 1  dirty 0  LRU 2  tag 4194305  address 268435552  
valid 1  dirty 0  LRU 3  tag 4194306  address 268435616  
valid 0  dirty 0  LRU 0  tag -1  address 0  
cache L2 set:3 info is- 

valid 1  dirty 0  LRU 1  tag 4194304  address 268435504  
valid 1  dirty 0  LRU 2  tag 4194305  address 268435568  
valid 1  dirty 0  LRU 3  tag 4194306  address 268435632  
valid 0  dirty 0  LRU 0  tag -1  address 0  

left cache read
===================== reading line 13 ==================
entered cache read
L1 SEARCH
L1 READ MISS
L2 SEARCH
L2 READ MISS
L2 INSERT
L2 UPDATE
L1 INSERT
L1 UPDATE
cache L1 set:0 info is- 

valid 1  dirty 0  LRU 1  tag 8388614  address 268435648  
valid 1  dirty 0  LRU 0  tag 8388613  address 268435616  
cache L1 set:1 info is- 

valid 1  dirty 0  LRU 0  tag 8388612  address 268435600  
valid 1  dirty 0  LRU 1  tag 8388613  address 268435632  

cache L2 set:0 info is- 
valid 1  dirty 0  LRU 0  tag 4194304  address 268435456  
valid 1  dirty 0  LRU 1  tag 4194305  address 268435520  
valid 1  dirty 0  LRU 2  tag 4194306  address 268435584  
valid 1  dirty 0  LRU 3  tag 4194307  address 268435648  
cache L2 set:1 info is- 

valid 1  dirty 0  LRU 1  tag 4194304  address 268435472  
valid 1  dirty 0  LRU 2  tag 4194305  address 268435536  
valid 1  dirty 0  LRU 3  tag 4194306  address 268435600  
valid 0  dirty 0  LRU 0  tag -1  address 0  
cache L2 set:2 info is- 

valid 1  dirty 0  LRU 1  tag 4194304  address 268435488  
valid 1  dirty 0  LRU 2  tag 4194305  address 268435552  
valid 1  dirty 0  LRU 3  tag 4194306  address 268435616  
valid 0  dirty 0  LRU 0  tag -1  address 0  
cache L2 set:3 info is- 

valid 1  dirty 0  LRU 1  tag 4194304  address 268435504  
valid 1  dirty 0  LRU 2  tag 4194305  address 268435568  
valid 1  dirty 0  LRU 3  tag 4194306  address 268435632  
valid 0  dirty 0  LRU 0  tag -1  address 0  

left cache read
===================== reading line 14 ==================
entered cache read
L1 SEARCH
L1 READ MISS
L2 SEARCH
L2 READ MISS
L2 INSERT
L2 UPDATE
L1 INSERT
L1 UPDATE
cache L1 set:0 info is- 

valid 1  dirty 0  LRU 0  tag 8388614  address 268435648  
valid 1  dirty 0  LRU 1  tag 8388615  address 268435680  
cache L1 set:1 info is- 

valid 1  dirty 0  LRU 0  tag 8388612  address 268435600  
valid 1  dirty 0  LRU 1  tag 8388613  address 268435632  

cache L2 set:0 info is- 
valid 1  dirty 0  LRU 0  tag 4194304  address 268435456  
valid 1  dirty 0  LRU 1  tag 4194305  address 268435520  
valid 1  dirty 0  LRU 2  tag 4194306  address 268435584  
valid 1  dirty 0  LRU 3  tag 4194307  address 268435648  
cache L2 set:1 info is- 

valid 1  dirty 0  LRU 1  tag 4194304  address 268435472  
valid 1  dirty 0  LRU 2  tag 4194305  address 268435536  
valid 1  dirty 0  LRU 3  tag 4194306  address 268435600  
valid 0  dirty 0  LRU 0  tag -1  address 0  
cache L2 set:2 info is- 

valid 1  dirty 0  LRU 0  tag 4194304  address 268435488  
valid 1  dirty 0  LRU 1  tag 4194305  address 268435552  
valid 1  dirty 0  LRU 2  tag 4194306  address 268435616  
valid 1  dirty 0  LRU 3  tag 4194307  address 268435680  
cache L2 set:3 info is- 

valid 1  dirty 0  LRU 1  tag 4194304  address 268435504  
valid 1  dirty 0  LRU 2  tag 4194305  address 268435568  
valid 1  dirty 0  LRU 3  tag 4194306  address 268435632  
valid 0  dirty 0  LRU 0  tag -1  address 0  

left cache read
===================== reading line 15 ==================
entered cache read
L1 SEARCH
L1 READ MISS
L2 SEARCH
L2 READ MISS
L2 INSERT
L2 UPDATE
L1 INSERT
L1 UPDATE
cache L1 set:0 info is- 

valid 1  dirty 0  LRU 0  tag 8388614  address 268435648  
valid 1  dirty 0  LRU 1  tag 8388615  address 268435680  
cache L1 set:1 info is- 

valid 1  dirty 0  LRU 1  tag 8388615  address 268435696  
valid 1  dirty 0  LRU 0  tag 8388613  address 268435632  

cache L2 set:0 info is- 
valid 1  dirty 0  LRU 0  tag 4194304  address 268435456  
valid 1  dirty 0  LRU 1  tag 4194305  address 268435520  
valid 1  dirty 0  LRU 2  tag 4194306  address 268435584  
valid 1  dirty 0  LRU 3  tag 4194307  address 268435648  
cache L2 set:1 info is- 

valid 1  dirty 0  LRU 1  tag 4194304  address 268435472  
valid 1  dirty 0  LRU 2  tag 4194305  address 268435536  
valid 1  dirty 0  LRU 3  tag 4194306  address 268435600  
valid 0  dirty 0  LRU 0  tag -1  address 0  
cache L2 set:2 info is- 

valid 1  dirty 0  LRU 0  tag 4194304  address 268435488  
valid 1  dirty 0  LRU 1  tag 4194305  address 268435552  
valid 1  dirty 0  LRU 2  tag 4194306  address 268435616  
valid 1  dirty 0  LRU 3  tag 4194307  address 268435680  
cache L2 set:3 info is- 

valid 1  dirty 0  LRU 0  tag 4194304  address 268435504  
valid 1  dirty 0  LRU 1  tag 4194305  address 268435568  
valid 1  dirty 0  LRU 2  tag 4194306  address 268435632  
valid 1  dirty 0  LRU 3  tag 4194307  address 268435696  

left cache read
===================== reading line 16 ==================
entered cache write
chose allocate
L1 SEARCH
write search result is: 0
L1 WRITE MISS(ALLOC)
L2 SEARCH
L2 WRITE HIT(ALLOC)
L2 UPDATE
L1 INSERT
L1 UPDATE
cache L1 set:0 info is- 

valid 1  dirty 0  LRU 1  tag 8388608  address 268435464  
valid 1  dirty 1  LRU 0  tag 8388615  address 268435680  
cache L1 set:1 info is- 

valid 1  dirty 0  LRU 1  tag 8388615  address 268435696  
valid 1  dirty 0  LRU 0  tag 8388613  address 268435632  

cache L2 set:0 info is- 
valid 1  dirty 0  LRU 3  tag 4194304  address 268435456  
valid 1  dirty 0  LRU 0  tag 4194305  address 268435520  
valid 1  dirty 0  LRU 1  tag 4194306  address 268435584  
valid 1  dirty 0  LRU 2  tag 4194307  address 268435648  
cache L2 set:1 info is- 

valid 1  dirty 0  LRU 1  tag 4194304  address 268435472  
valid 1  dirty 0  LRU 2  tag 4194305  address 268435536  
valid 1  dirty 0  LRU 3  tag 4194306  address 268435600  
valid 0  dirty 0  LRU 0  tag -1  address 0  
cache L2 set:2 info is- 

valid 1  dirty 0  LRU 0  tag 4194304  address 268435488  
valid 1  dirty 0  LRU 1  tag 4194305  address 268435552  
valid 1  dirty 0  LRU 2  tag 4194306  address 268435616  
valid 1  dirty 0  LRU 3  tag 4194307  address 268435680  
cache L2 set:3 info is- 

valid 1  dirty 0  LRU 0  tag 4194304  address 268435504  
valid 1  dirty 0  LRU 1  tag 4194305  address 268435568  
valid 1  dirty 0  LRU 2  tag 4194306  address 268435632  
valid 1  dirty 0  LRU 3  tag 4194307  address 268435696  

left write
===================== reading line 17 ==================
entered cache write
chose allocate
L1 SEARCH
write search result is: 0
L1 WRITE MISS(ALLOC)
L2 SEARCH
L2 WRITE HIT(ALLOC)
L2 UPDATE
L1 INSERT
L1 UPDATE
cache L1 set:0 info is- 

valid 1  dirty 0  LRU 1  tag 8388608  address 268435464  
valid 1  dirty 1  LRU 0  tag 8388615  address 268435680  
cache L1 set:1 info is- 

valid 1  dirty 1  LRU 0  tag 8388615  address 268435696  
valid 1  dirty 0  LRU 1  tag 8388608  address 268435484  

cache L2 set:0 info is- 
valid 1  dirty 0  LRU 3  tag 4194304  address 268435456  
valid 1  dirty 0  LRU 0  tag 4194305  address 268435520  
valid 1  dirty 0  LRU 1  tag 4194306  address 268435584  
valid 1  dirty 0  LRU 2  tag 4194307  address 268435648  
cache L2 set:1 info is- 

valid 1  dirty 0  LRU 3  tag 4194304  address 268435472  
valid 1  dirty 0  LRU 1  tag 4194305  address 268435536  
valid 1  dirty 0  LRU 2  tag 4194306  address 268435600  
valid 0  dirty 0  LRU 0  tag -1  address 0  
cache L2 set:2 info is- 

valid 1  dirty 0  LRU 0  tag 4194304  address 268435488  
valid 1  dirty 0  LRU 1  tag 4194305  address 268435552  
valid 1  dirty 0  LRU 2  tag 4194306  address 268435616  
valid 1  dirty 0  LRU 3  tag 4194307  address 268435680  
cache L2 set:3 info is- 

valid 1  dirty 0  LRU 0  tag 4194304  address 268435504  
valid 1  dirty 0  LRU 1  tag 4194305  address 268435568  
valid 1  dirty 0  LRU 2  tag 4194306  address 268435632  
valid 1  dirty 0  LRU 3  tag 4194307  address 268435696  

left write
===================== reading line 18 ==================
entered cache write
chose allocate
L1 SEARCH
write search result is: 0
L1 WRITE MISS(ALLOC)
L2 SEARCH
L2 WRITE HIT(ALLOC)
L2 UPDATE
L1 INSERT
L2 SEARCH
L2 UPDATE
L1 UPDATE
cache L1 set:0 info is- 

valid 1  dirty 1  LRU 0  tag 8388608  address 268435464  
valid 1  dirty 0  LRU 1  tag 8388609  address 268435496  
cache L1 set:1 info is- 

valid 1  dirty 1  LRU 0  tag 8388615  address 268435696  
valid 1  dirty 0  LRU 1  tag 8388608  address 268435484  

cache L2 set:0 info is- 
valid 1  dirty 0  LRU 3  tag 4194304  address 268435456  
valid 1  dirty 0  LRU 0  tag 4194305  address 268435520  
valid 1  dirty 0  LRU 1  tag 4194306  address 268435584  
valid 1  dirty 0  LRU 2  tag 4194307  address 268435648  
cache L2 set:1 info is- 

valid 1  dirty 0  LRU 3  tag 4194304  address 268435472  
valid 1  dirty 0  LRU 1  tag 4194305  address 268435536  
valid 1  dirty 0  LRU 2  tag 4194306  address 268435600  
valid 0  dirty 0  LRU 0  tag -1  address 0  
cache L2 set:2 info is- 

valid 1  dirty 0  LRU 2  tag 4194304  address 268435488  
valid 1  dirty 0  LRU 0  tag 4194305  address 268435552  
valid 1  dirty 0  LRU 1  tag 4194306  address 268435616  
valid 1  dirty 0  LRU 3  tag 4194307  address 268435680  
cache L2 set:3 info is- 

valid 1  dirty 0  LRU 0  tag 4194304  address 268435504  
valid 1  dirty 0  LRU 1  tag 4194305  address 268435568  
valid 1  dirty 0  LRU 2  tag 4194306  address 268435632  
valid 1  dirty 0  LRU 3  tag 4194307  address 268435696  

left write
===================== reading line 19 ==================
entered cache write
chose allocate
L1 SEARCH
write search result is: 0
L1 WRITE MISS(ALLOC)
L2 SEARCH
L2 WRITE HIT(ALLOC)
L2 UPDATE
L1 INSERT
L2 SEARCH
L2 UPDATE
L1 UPDATE
cache L1 set:0 info is- 

valid 1  dirty 1  LRU 0  tag 8388608  address 268435464  
valid 1  dirty 0  LRU 1  tag 8388609  address 268435496  
cache L1 set:1 info is- 

valid 1  dirty 0  LRU 1  tag 8388609  address 268435516  
valid 1  dirty 1  LRU 0  tag 8388608  address 268435484  

cache L2 set:0 info is- 
valid 1  dirty 0  LRU 3  tag 4194304  address 268435456  
valid 1  dirty 0  LRU 0  tag 4194305  address 268435520  
valid 1  dirty 0  LRU 1  tag 4194306  address 268435584  
valid 1  dirty 0  LRU 2  tag 4194307  address 268435648  
cache L2 set:1 info is- 

valid 1  dirty 0  LRU 3  tag 4194304  address 268435472  
valid 1  dirty 0  LRU 1  tag 4194305  address 268435536  
valid 1  dirty 0  LRU 2  tag 4194306  address 268435600  
valid 0  dirty 0  LRU 0  tag -1  address 0  
cache L2 set:2 info is- 

valid 1  dirty 0  LRU 2  tag 4194304  address 268435488  
valid 1  dirty 0  LRU 0  tag 4194305  address 268435552  
valid 1  dirty 0  LRU 1  tag 4194306  address 268435616  
valid 1  dirty 0  LRU 3  tag 4194307  address 268435680  
cache L2 set:3 info is- 

valid 1  dirty 0  LRU 2  tag 4194304  address 268435504  
valid 1  dirty 0  LRU 0  tag 4194305  address 268435568  
valid 1  dirty 0  LRU 1  tag 4194306  address 268435632  
valid 1  dirty 0  LRU 3  tag 4194307  address 268435696  

left write
===================== reading line 20 ==================
entered cache write
chose allocate
L1 SEARCH
write search result is: 0
L1 WRITE MISS(ALLOC)
L2 SEARCH
L2 WRITE HIT(ALLOC)
L2 UPDATE
L1 INSERT
L2 SEARCH
L2 UPDATE
L1 UPDATE
cache L1 set:0 info is- 

valid 1  dirty 0  LRU 1  tag 8388610  address 268435528  
valid 1  dirty 1  LRU 0  tag 8388609  address 268435496  
cache L1 set:1 info is- 

valid 1  dirty 0  LRU 1  tag 8388609  address 268435516  
valid 1  dirty 1  LRU 0  tag 8388608  address 268435484  

cache L2 set:0 info is- 
valid 1  dirty 0  LRU 3  tag 4194304  address 268435456  
valid 1  dirty 0  LRU 2  tag 4194305  address 268435520  
valid 1  dirty 0  LRU 0  tag 4194306  address 268435584  
valid 1  dirty 0  LRU 1  tag 4194307  address 268435648  
cache L2 set:1 info is- 

valid 1  dirty 0  LRU 3  tag 4194304  address 268435472  
valid 1  dirty 0  LRU 1  tag 4194305  address 268435536  
valid 1  dirty 0  LRU 2  tag 4194306  address 268435600  
valid 0  dirty 0  LRU 0  tag -1  address 0  
cache L2 set:2 info is- 

valid 1  dirty 0  LRU 2  tag 4194304  address 268435488  
valid 1  dirty 0  LRU 0  tag 4194305  address 268435552  
valid 1  dirty 0  LRU 1  tag 4194306  address 268435616  
valid 1  dirty 0  LRU 3  tag 4194307  address 268435680  
cache L2 set:3 info is- 

valid 1  dirty 0  LRU 2  tag 4194304  address 268435504  
valid 1  dirty 0  LRU 0  tag 4194305  address 268435568  
valid 1  dirty 0  LRU 1  tag 4194306  address 268435632  
valid 1  dirty 0  LRU 3  tag 4194307  address 268435696  

left write
===================== reading line 21 ==================
entered cache write
chose allocate
L1 SEARCH
write search result is: 0
L1 WRITE MISS(ALLOC)
L2 SEARCH
L2 WRITE HIT(ALLOC)
L2 UPDATE
L1 INSERT
L2 SEARCH
L2 UPDATE
L1 UPDATE
cache L1 set:0 info is- 

valid 1  dirty 0  LRU 1  tag 8388610  address 268435528  
valid 1  dirty 1  LRU 0  tag 8388609  address 268435496  
cache L1 set:1 info is- 

valid 1  dirty 1  LRU 0  tag 8388609  address 268435516  
valid 1  dirty 0  LRU 1  tag 8388610  address 268435548  

cache L2 set:0 info is- 
valid 1  dirty 0  LRU 3  tag 4194304  address 268435456  
valid 1  dirty 0  LRU 2  tag 4194305  address 268435520  
valid 1  dirty 0  LRU 0  tag 4194306  address 268435584  
valid 1  dirty 0  LRU 1  tag 4194307  address 268435648  
cache L2 set:1 info is- 

valid 1  dirty 0  LRU 3  tag 4194304  address 268435472  
valid 1  dirty 0  LRU 2  tag 4194305  address 268435536  
valid 1  dirty 0  LRU 1  tag 4194306  address 268435600  
valid 0  dirty 0  LRU 0  tag -1  address 0  
cache L2 set:2 info is- 

valid 1  dirty 0  LRU 2  tag 4194304  address 268435488  
valid 1  dirty 0  LRU 0  tag 4194305  address 268435552  
valid 1  dirty 0  LRU 1  tag 4194306  address 268435616  
valid 1  dirty 0  LRU 3  tag 4194307  address 268435680  
cache L2 set:3 info is- 

valid 1  dirty 0  LRU 2  tag 4194304  address 268435504  
valid 1  dirty 0  LRU 0  tag 4194305  address 268435568  
valid 1  dirty 0  LRU 1  tag 4194306  address 268435632  
valid 1  dirty 0  LRU 3  tag 4194307  address 268435696  

left write
===================== reading line 22 ==================
entered cache write
chose allocate
L1 SEARCH
write search result is: 0
L1 WRITE MISS(ALLOC)
L2 SEARCH
L2 WRITE HIT(ALLOC)
L2 UPDATE
L1 INSERT
L2 SEARCH
L2 UPDATE
L1 UPDATE
cache L1 set:0 info is- 

valid 1  dirty 1  LRU 0  tag 8388610  address 268435528  
valid 1  dirty 0  LRU 1  tag 8388611  address 268435560  
cache L1 set:1 info is- 

valid 1  dirty 1  LRU 0  tag 8388609  address 268435516  
valid 1  dirty 0  LRU 1  tag 8388610  address 268435548  

cache L2 set:0 info is- 
valid 1  dirty 0  LRU 3  tag 4194304  address 268435456  
valid 1  dirty 0  LRU 2  tag 4194305  address 268435520  
valid 1  dirty 0  LRU 0  tag 4194306  address 268435584  
valid 1  dirty 0  LRU 1  tag 4194307  address 268435648  
cache L2 set:1 info is- 

valid 1  dirty 0  LRU 3  tag 4194304  address 268435472  
valid 1  dirty 0  LRU 2  tag 4194305  address 268435536  
valid 1  dirty 0  LRU 1  tag 4194306  address 268435600  
valid 0  dirty 0  LRU 0  tag -1  address 0  
cache L2 set:2 info is- 

valid 1  dirty 0  LRU 3  tag 4194304  address 268435488  
valid 1  dirty 0  LRU 2  tag 4194305  address 268435552  
valid 1  dirty 0  LRU 0  tag 4194306  address 268435616  
valid 1  dirty 0  LRU 1  tag 4194307  address 268435680  
cache L2 set:3 info is- 

valid 1  dirty 0  LRU 2  tag 4194304  address 268435504  
valid 1  dirty 0  LRU 0  tag 4194305  address 268435568  
valid 1  dirty 0  LRU 1  tag 4194306  address 268435632  
valid 1  dirty 0  LRU 3  tag 4194307  address 268435696  

left write
===================== reading line 23 ==================
entered cache write
chose allocate
L1 SEARCH
write search result is: 0
L1 WRITE MISS(ALLOC)
L2 SEARCH
L2 WRITE HIT(ALLOC)
L2 UPDATE
L1 INSERT
L2 SEARCH
L2 UPDATE
L1 UPDATE
cache L1 set:0 info is- 

valid 1  dirty 1  LRU 0  tag 8388610  address 268435528  
valid 1  dirty 0  LRU 1  tag 8388611  address 268435560  
cache L1 set:1 info is- 

valid 1  dirty 0  LRU 1  tag 8388611  address 268435580  
valid 1  dirty 1  LRU 0  tag 8388610  address 268435548  

cache L2 set:0 info is- 
valid 1  dirty 0  LRU 3  tag 4194304  address 268435456  
valid 1  dirty 0  LRU 2  tag 4194305  address 268435520  
valid 1  dirty 0  LRU 0  tag 4194306  address 268435584  
valid 1  dirty 0  LRU 1  tag 4194307  address 268435648  
cache L2 set:1 info is- 

valid 1  dirty 0  LRU 3  tag 4194304  address 268435472  
valid 1  dirty 0  LRU 2  tag 4194305  address 268435536  
valid 1  dirty 0  LRU 1  tag 4194306  address 268435600  
valid 0  dirty 0  LRU 0  tag -1  address 0  
cache L2 set:2 info is- 

valid 1  dirty 0  LRU 3  tag 4194304  address 268435488  
valid 1  dirty 0  LRU 2  tag 4194305  address 268435552  
valid 1  dirty 0  LRU 0  tag 4194306  address 268435616  
valid 1  dirty 0  LRU 1  tag 4194307  address 268435680  
cache L2 set:3 info is- 

valid 1  dirty 0  LRU 3  tag 4194304  address 268435504  
valid 1  dirty 0  LRU 2  tag 4194305  address 268435568  
valid 1  dirty 0  LRU 0  tag 4194306  address 268435632  
valid 1  dirty 0  LRU 1  tag 4194307  address 268435696  

left write
===================== reading line 24 ==================
entered cache write
chose allocate
L1 SEARCH
write search result is: 0
L1 WRITE MISS(ALLOC)
L2 SEARCH
L2 WRITE HIT(ALLOC)
L2 UPDATE
L1 INSERT
L2 SEARCH
L2 UPDATE
L1 UPDATE
cache L1 set:0 info is- 

valid 1  dirty 0  LRU 1  tag 8388612  address 268435592  
valid 1  dirty 1  LRU 0  tag 8388611  address 268435560  
cache L1 set:1 info is- 

valid 1  dirty 0  LRU 1  tag 8388611  address 268435580  
valid 1  dirty 1  LRU 0  tag 8388610  address 268435548  

cache L2 set:0 info is- 
valid 1  dirty 0  LRU 1  tag 4194304  address 268435456  
valid 1  dirty 0  LRU 3  tag 4194305  address 268435520  
valid 1  dirty 0  LRU 2  tag 4194306  address 268435584  
valid 1  dirty 0  LRU 0  tag 4194307  address 268435648  
cache L2 set:1 info is- 

valid 1  dirty 0  LRU 3  tag 4194304  address 268435472  
valid 1  dirty 0  LRU 2  tag 4194305  address 268435536  
valid 1  dirty 0  LRU 1  tag 4194306  address 268435600  
valid 0  dirty 0  LRU 0  tag -1  address 0  
cache L2 set:2 info is- 

valid 1  dirty 0  LRU 3  tag 4194304  address 268435488  
valid 1  dirty 0  LRU 2  tag 4194305  address 268435552  
valid 1  dirty 0  LRU 0  tag 4194306  address 268435616  
valid 1  dirty 0  LRU 1  tag 4194307  address 268435680  
cache L2 set:3 info is- 

valid 1  dirty 0  LRU 3  tag 4194304  address 268435504  
valid 1  dirty 0  LRU 2  tag 4194305  address 268435568  
valid 1  dirty 0  LRU 0  tag 4194306  address 268435632  
valid 1  dirty 0  LRU 1  tag 4194307  address 268435696  

left write
===================== reading line 25 ==================
entered cache write
chose allocate
L1 SEARCH
write search result is: 0
L1 WRITE MISS(ALLOC)
L2 SEARCH
L2 WRITE HIT(ALLOC)
L2 UPDATE
L1 INSERT
L2 SEARCH
L2 UPDATE
L1 UPDATE
cache L1 set:0 info is- 

valid 1  dirty 0  LRU 1  tag 8388612  address 268435592  
valid 1  dirty 1  LRU 0  tag 8388611  address 268435560  
cache L1 set:1 info is- 

valid 1  dirty 1  LRU 0  tag 8388611  address 268435580  
valid 1  dirty 0  LRU 1  tag 8388612  address 268435612  

cache L2 set:0 info is- 
valid 1  dirty 0  LRU 1  tag 4194304  address 268435456  
valid 1  dirty 0  LRU 3  tag 4194305  address 268435520  
valid 1  dirty 0  LRU 2  tag 4194306  address 268435584  
valid 1  dirty 0  LRU 0  tag 4194307  address 268435648  
cache L2 set:1 info is- 

valid 1  dirty 0  LRU 1  tag 4194304  address 268435472  
valid 1  dirty 0  LRU 3  tag 4194305  address 268435536  
valid 1  dirty 0  LRU 2  tag 4194306  address 268435600  
valid 0  dirty 0  LRU 0  tag -1  address 0  
cache L2 set:2 info is- 

valid 1  dirty 0  LRU 3  tag 4194304  address 268435488  
valid 1  dirty 0  LRU 2  tag 4194305  address 268435552  
valid 1  dirty 0  LRU 0  tag 4194306  address 268435616  
valid 1  dirty 0  LRU 1  tag 4194307  address 268435680  
cache L2 set:3 info is- 

valid 1  dirty 0  LRU 3  tag 4194304  address 268435504  
valid 1  dirty 0  LRU 2  tag 4194305  address 268435568  
valid 1  dirty 0  LRU 0  tag 4194306  address 268435632  
valid 1  dirty 0  LRU 1  tag 4194307  address 268435696  

left write
===================== reading line 26 ==================
entered cache write
chose allocate
L1 SEARCH
write search result is: 0
L1 WRITE MISS(ALLOC)
L2 SEARCH
L2 WRITE HIT(ALLOC)
L2 UPDATE
L1 INSERT
L2 SEARCH
L2 UPDATE
L1 UPDATE
cache L1 set:0 info is- 

valid 1  dirty 1  LRU 0  tag 8388612  address 268435592  
valid 1  dirty 0  LRU 1  tag 8388613  address 268435624  
cache L1 set:1 info is- 

valid 1  dirty 1  LRU 0  tag 8388611  address 268435580  
valid 1  dirty 0  LRU 1  tag 8388612  address 268435612  

cache L2 set:0 info is- 
valid 1  dirty 0  LRU 1  tag 4194304  address 268435456  
valid 1  dirty 0  LRU 3  tag 4194305  address 268435520  
valid 1  dirty 0  LRU 2  tag 4194306  address 268435584  
valid 1  dirty 0  LRU 0  tag 4194307  address 268435648  
cache L2 set:1 info is- 

valid 1  dirty 0  LRU 1  tag 4194304  address 268435472  
valid 1  dirty 0  LRU 3  tag 4194305  address 268435536  
valid 1  dirty 0  LRU 2  tag 4194306  address 268435600  
valid 0  dirty 0  LRU 0  tag -1  address 0  
cache L2 set:2 info is- 

valid 1  dirty 0  LRU 1  tag 4194304  address 268435488  
valid 1  dirty 0  LRU 3  tag 4194305  address 268435552  
valid 1  dirty 0  LRU 2  tag 4194306  address 268435616  
valid 1  dirty 0  LRU 0  tag 4194307  address 268435680  
cache L2 set:3 info is- 

valid 1  dirty 0  LRU 3  tag 4194304  address 268435504  
valid 1  dirty 0  LRU 2  tag 4194305  address 268435568  
valid 1  dirty 0  LRU 0  tag 4194306  address 268435632  
valid 1  dirty 0  LRU 1  tag 4194307  address 268435696  

left write
===================== reading line 27 ==================
entered cache write
chose allocate
L1 SEARCH
write search result is: 0
L1 WRITE MISS(ALLOC)
L2 SEARCH
L2 WRITE HIT(ALLOC)
L2 UPDATE
L1 INSERT
L2 SEARCH
L2 UPDATE
L1 UPDATE
cache L1 set:0 info is- 

valid 1  dirty 1  LRU 0  tag 8388612  address 268435592  
valid 1  dirty 0  LRU 1  tag 8388613  address 268435624  
cache L1 set:1 info is- 

valid 1  dirty 0  LRU 1  tag 8388613  address 268435644  
valid 1  dirty 1  LRU 0  tag 8388612  address 268435612  

cache L2 set:0 info is- 
valid 1  dirty 0  LRU 1  tag 4194304  address 268435456  
valid 1  dirty 0  LRU 3  tag 4194305  address 268435520  
valid 1  dirty 0  LRU 2  tag 4194306  address 268435584  
valid 1  dirty 0  LRU 0  tag 4194307  address 268435648  
cache L2 set:1 info is- 

valid 1  dirty 0  LRU 1  tag 4194304  address 268435472  
valid 1  dirty 0  LRU 3  tag 4194305  address 268435536  
valid 1  dirty 0  LRU 2  tag 4194306  address 268435600  
valid 0  dirty 0  LRU 0  tag -1  address 0  
cache L2 set:2 info is- 

valid 1  dirty 0  LRU 1  tag 4194304  address 268435488  
valid 1  dirty 0  LRU 3  tag 4194305  address 268435552  
valid 1  dirty 0  LRU 2  tag 4194306  address 268435616  
valid 1  dirty 0  LRU 0  tag 4194307  address 268435680  
cache L2 set:3 info is- 

valid 1  dirty 0  LRU 1  tag 4194304  address 268435504  
valid 1  dirty 0  LRU 3  tag 4194305  address 268435568  
valid 1  dirty 0  LRU 2  tag 4194306  address 268435632  
valid 1  dirty 0  LRU 0  tag 4194307  address 268435696  

left write
===================== reading line 28 ==================
entered cache write
chose allocate
L1 SEARCH
write search result is: 0
L1 WRITE MISS(ALLOC)
L2 SEARCH
L2 WRITE HIT(ALLOC)
L2 UPDATE
L1 INSERT
L2 SEARCH
L2 UPDATE
L1 UPDATE
cache L1 set:0 info is- 

valid 1  dirty 0  LRU 1  tag 8388614  address 268435656  
valid 1  dirty 1  LRU 0  tag 8388613  address 268435624  
cache L1 set:1 info is- 

valid 1  dirty 0  LRU 1  tag 8388613  address 268435644  
valid 1  dirty 1  LRU 0  tag 8388612  address 268435612  

cache L2 set:0 info is- 
valid 1  dirty 0  LRU 0  tag 4194304  address 268435456  
valid 1  dirty 0  LRU 1  tag 4194305  address 268435520  
valid 1  dirty 0  LRU 3  tag 4194306  address 268435584  
valid 1  dirty 0  LRU 2  tag 4194307  address 268435648  
cache L2 set:1 info is- 

valid 1  dirty 0  LRU 1  tag 4194304  address 268435472  
valid 1  dirty 0  LRU 3  tag 4194305  address 268435536  
valid 1  dirty 0  LRU 2  tag 4194306  address 268435600  
valid 0  dirty 0  LRU 0  tag -1  address 0  
cache L2 set:2 info is- 

valid 1  dirty 0  LRU 1  tag 4194304  address 268435488  
valid 1  dirty 0  LRU 3  tag 4194305  address 268435552  
valid 1  dirty 0  LRU 2  tag 4194306  address 268435616  
valid 1  dirty 0  LRU 0  tag 4194307  address 268435680  
cache L2 set:3 info is- 

valid 1  dirty 0  LRU 1  tag 4194304  address 268435504  
valid 1  dirty 0  LRU 3  tag 4194305  address 268435568  
valid 1  dirty 0  LRU 2  tag 4194306  address 268435632  
valid 1  dirty 0  LRU 0  tag 4194307  address 268435696  

left write
===================== reading line 29 ==================
entered cache write
chose allocate
L1 SEARCH
write search result is: 0
L1 WRITE MISS(ALLOC)
L2 SEARCH
L2 WRITE HIT(ALLOC)
L2 UPDATE
L1 INSERT
L2 SEARCH
L2 UPDATE
L1 UPDATE
cache L1 set:0 info is- 

valid 1  dirty 1  LRU 0  tag 8388614  address 268435656  
valid 1  dirty 0  LRU 1  tag 8388615  address 268435692  
cache L1 set:1 info is- 

valid 1  dirty 0  LRU 1  tag 8388613  address 268435644  
valid 1  dirty 1  LRU 0  tag 8388612  address 268435612  

cache L2 set:0 info is- 
valid 1  dirty 0  LRU 0  tag 4194304  address 268435456  
valid 1  dirty 0  LRU 1  tag 4194305  address 268435520  
valid 1  dirty 0  LRU 3  tag 4194306  address 268435584  
valid 1  dirty 0  LRU 2  tag 4194307  address 268435648  
cache L2 set:1 info is- 

valid 1  dirty 0  LRU 1  tag 4194304  address 268435472  
valid 1  dirty 0  LRU 3  tag 4194305  address 268435536  
valid 1  dirty 0  LRU 2  tag 4194306  address 268435600  
valid 0  dirty 0  LRU 0  tag -1  address 0  
cache L2 set:2 info is- 

valid 1  dirty 0  LRU 0  tag 4194304  address 268435488  
valid 1  dirty 0  LRU 1  tag 4194305  address 268435552  
valid 1  dirty 0  LRU 3  tag 4194306  address 268435616  
valid 1  dirty 0  LRU 2  tag 4194307  address 268435680  
cache L2 set:3 info is- 

valid 1  dirty 0  LRU 1  tag 4194304  address 268435504  
valid 1  dirty 0  LRU 3  tag 4194305  address 268435568  
valid 1  dirty 0  LRU 2  tag 4194306  address 268435632  
valid 1  dirty 0  LRU 0  tag 4194307  address 268435696  

left write
===================== reading line 30 ==================
entered cache write
chose allocate
L1 SEARCH
write search result is: 0
L1 WRITE MISS(ALLOC)
L2 SEARCH
L2 WRITE HIT(ALLOC)
L2 UPDATE
L1 INSERT
L2 SEARCH
L2 UPDATE
L1 UPDATE
cache L1 set:0 info is- 

valid 1  dirty 1  LRU 0  tag 8388614  address 268435656  
valid 1  dirty 0  LRU 1  tag 8388615  address 268435692  
cache L1 set:1 info is- 

valid 1  dirty 1  LRU 0  tag 8388613  address 268435644  
valid 1  dirty 0  LRU 1  tag 8388615  address 268435704  

cache L2 set:0 info is- 
valid 1  dirty 0  LRU 0  tag 4194304  address 268435456  
valid 1  dirty 0  LRU 1  tag 4194305  address 268435520  
valid 1  dirty 0  LRU 3  tag 4194306  address 268435584  
valid 1  dirty 0  LRU 2  tag 4194307  address 268435648  
cache L2 set:1 info is- 

valid 1  dirty 0  LRU 1  tag 4194304  address 268435472  
valid 1  dirty 0  LRU 2  tag 4194305  address 268435536  
valid 1  dirty 0  LRU 3  tag 4194306  address 268435600  
valid 0  dirty 0  LRU 0  tag -1  address 0  
cache L2 set:2 info is- 

valid 1  dirty 0  LRU 0  tag 4194304  address 268435488  
valid 1  dirty 0  LRU 1  tag 4194305  address 268435552  
valid 1  dirty 0  LRU 3  tag 4194306  address 268435616  
valid 1  dirty 0  LRU 2  tag 4194307  address 268435680  
cache L2 set:3 info is- 

valid 1  dirty 0  LRU 0  tag 4194304  address 268435504  
valid 1  dirty 0  LRU 2  tag 4194305  address 268435568  
valid 1  dirty 0  LRU 1  tag 4194306  address 268435632  
valid 1  dirty 0  LRU 3  tag 4194307  address 268435696  

left write
L1miss=1.000 L2miss=0.500 AccTimeAvg=31.000
sanity check 88
